\BOOKMARK [0][-]{chapter.1}{Abstract}{}% 1
\BOOKMARK [0][-]{chapter.2}{Introduction}{}% 2
\BOOKMARK [1][-]{section.2.1}{Motivation}{chapter.2}% 3
\BOOKMARK [1][-]{section.2.2}{Objective and assumptions}{chapter.2}% 4
\BOOKMARK [1][-]{section.2.3}{State of the art}{chapter.2}% 5
\BOOKMARK [1][-]{section.2.4}{Naming conventions and terminology}{chapter.2}% 6
\BOOKMARK [0][-]{chapter.3}{Theoretical background}{}% 7
\BOOKMARK [1][-]{section.3.1}{Artificial neural networks}{chapter.3}% 8
\BOOKMARK [1][-]{section.3.2}{Convolutional neural networks}{chapter.3}% 9
\BOOKMARK [1][-]{section.3.3}{Supervised, unsupervised and semi-supervised training}{chapter.3}% 10
\BOOKMARK [1][-]{section.3.4}{Haar feature-based cascade classifiers}{chapter.3}% 11
\BOOKMARK [0][-]{chapter.4}{Deepfake methods}{}% 12
\BOOKMARK [1][-]{section.4.1}{Autoencoder}{chapter.4}% 13
\BOOKMARK [1][-]{section.4.2}{Variational autoencoder}{chapter.4}% 14
\BOOKMARK [1][-]{section.4.3}{VAE-GAN}{chapter.4}% 15
\BOOKMARK [1][-]{section.4.4}{CycleGAN}{chapter.4}% 16
\BOOKMARK [0][-]{chapter.5}{Datasets}{}% 17
\BOOKMARK [1][-]{section.5.1}{Dataset description}{chapter.5}% 18
\BOOKMARK [1][-]{section.5.2}{Data pre-processing}{chapter.5}% 19
\BOOKMARK [0][-]{chapter.6}{Technologies}{}% 20
\BOOKMARK [1][-]{section.6.1}{Software and Libraries}{chapter.6}% 21
\BOOKMARK [1][-]{section.6.2}{Hardware}{chapter.6}% 22
\BOOKMARK [0][-]{chapter.7}{Networks implementation}{}% 23
\BOOKMARK [1][-]{section.7.1}{Variational auto encoder}{chapter.7}% 24
\BOOKMARK [1][-]{section.7.2}{Convolutional variational auto encoder}{chapter.7}% 25
\BOOKMARK [1][-]{section.7.3}{VAE-GAN}{chapter.7}% 26
\BOOKMARK [1][-]{section.7.4}{CycleGAN}{chapter.7}% 27
\BOOKMARK [0][-]{chapter.8}{Results}{}% 28
\BOOKMARK [0][-]{chapter.9}{Conclusions}{}% 29
\BOOKMARK [0][-]{chapter*.8}{Bibliography}{}% 30
